SLURM_JOBID=35661277
SLURM_JOB_NODELIST=g3071
SLURM_NNODES=1
SLURMTMPDIR=
working directory = /mmfs1/gscratch/cheme/mzorman/06_MLP/MC/1r_tests/driver
INFO - Starting job: ../NaCl_jobs/150mM_adapUS
WARNING - Parameter 'bias_path' not set for linear bias. Setting bias to zero
INFO - Concentration: 0.15 M
INFO - Box length: 140.40071931267755 Å
INFO - Number of particles: 500
INFO - Bias: linear
INFO - Using seed from config file: 11
WARNING - Parameter 'bias_path' not set for linear bias. Setting bias to zero
INFO - Concentration: 0.15 M
INFO - Box length: 140.40071931267755 Å
INFO - Number of particles: 500
INFO - Bias: linear
INFO - Using seed from config file: 12
WARNING - Parameter 'bias_path' not set for linear bias. Setting bias to zero
INFO - Concentration: 0.15 M
INFO - Box length: 140.40071931267755 Å
INFO - Number of particles: 500
INFO - Bias: linear
INFO - Using seed from config file: 13
WARNING - Parameter 'bias_path' not set for linear bias. Setting bias to zero
INFO - Concentration: 0.15 M
INFO - Box length: 140.40071931267755 Å
INFO - Number of particles: 500
INFO - Bias: linear
INFO - Using seed from config file: 14
WARNING - Parameter 'bias_path' not set for linear bias. Setting bias to zero
INFO - Concentration: 0.15 M
INFO - Box length: 140.40071931267755 Å
INFO - Number of particles: 500
INFO - Bias: linear
INFO - Using seed from config file: 15
WARNING - Parameter 'bias_path' not set for linear bias. Setting bias to zero
INFO - Concentration: 0.15 M
INFO - Box length: 140.40071931267755 Å
INFO - Number of particles: 500
INFO - Bias: linear
INFO - Using seed from config file: 16
WARNING - Parameter 'bias_path' not set for linear bias. Setting bias to zero
INFO - Concentration: 0.15 M
INFO - Box length: 140.40071931267755 Å
INFO - Number of particles: 500
INFO - Bias: linear
INFO - Using seed from config file: 17
WARNING - Parameter 'bias_path' not set for linear bias. Setting bias to zero
INFO - Concentration: 0.15 M
INFO - Box length: 140.40071931267755 Å
INFO - Number of particles: 500
INFO - Bias: linear
INFO - Using seed from config file: 18
INFO - Generating initial bias
INFO - Iteration 1: Updated bias saved to ./../NaCl_jobs/150mM_adapUS/bias_potential.npy
INFO - Iteration 2: Updated bias saved to ./../NaCl_jobs/150mM_adapUS/bias_potential.npy
INFO - Iteration 3: Updated bias saved to ./../NaCl_jobs/150mM_adapUS/bias_potential.npy
INFO - Iteration 4: Updated bias saved to ./../NaCl_jobs/150mM_adapUS/bias_potential.npy
INFO - Iteration 5: Updated bias saved to ./../NaCl_jobs/150mM_adapUS/bias_potential.npy
INFO - Iteration 6: Updated bias saved to ./../NaCl_jobs/150mM_adapUS/bias_potential.npy
INFO - Iteration 7: Updated bias saved to ./../NaCl_jobs/150mM_adapUS/bias_potential.npy
INFO - Iteration 8: Updated bias saved to ./../NaCl_jobs/150mM_adapUS/bias_potential.npy
INFO - Iteration 9: Updated bias saved to ./../NaCl_jobs/150mM_adapUS/bias_potential.npy
INFO - Iteration 10: Updated bias saved to ./../NaCl_jobs/150mM_adapUS/bias_potential.npy
INFO - Iteration 11: Updated bias saved to ./../NaCl_jobs/150mM_adapUS/bias_potential.npy
INFO - Iteration 12: Updated bias saved to ./../NaCl_jobs/150mM_adapUS/bias_potential.npy
INFO - Iteration 13: Updated bias saved to ./../NaCl_jobs/150mM_adapUS/bias_potential.npy
INFO - Iteration 14: Updated bias saved to ./../NaCl_jobs/150mM_adapUS/bias_potential.npy
INFO - Iteration 15: Updated bias saved to ./../NaCl_jobs/150mM_adapUS/bias_potential.npy
INFO - Iteration 16: Updated bias saved to ./../NaCl_jobs/150mM_adapUS/bias_potential.npy
INFO - Iteration 17: Updated bias saved to ./../NaCl_jobs/150mM_adapUS/bias_potential.npy
INFO - Iteration 18: Updated bias saved to ./../NaCl_jobs/150mM_adapUS/bias_potential.npy
[2026-06-03T18:28:08.022] error: *** JOB 35661277 ON g3071 CANCELLED AT 2026-06-03T18:28:08 DUE TO TIME LIMIT ***
